<?xml version="1.0" encoding="UTF-8"?>
<!-- Generated by org.testng.reporters.JUnitReportReporter -->
<testsuite skipped="0" hostname="LAPTOP-CKK6GQGF" name="test_package.Resource_File_Test1" tests="2" failures="0" timestamp="2023-01-06T19:02:19 CET" time="0.015" errors="0">
  <testcase name="f2" time="0.002" classname="test_package.Resource_File_Test1"/>
  <system-out/>
  <testcase name="f1" time="0.013" classname="test_package.Resource_File_Test1"/>
  <system-out/>
</testsuite> <!-- test_package.Resource_File_Test1 -->
